<?xml version="1.0" encoding="UTF-8"?>
<!-- Generated by org.testng.reporters.JUnitReportReporter -->
<testsuite hostname="DESKTOP-IN41SNK" failures="0" tests="2" name="com.crm.testscript.LeadsModule" time="12.954" errors="0" timestamp="2024-12-27T09:56:56 IST" skipped="0">
  <testcase classname="com.crm.testscript.LeadsModule" name="createLead" time="3.086">
    <system-out>
      <![CDATA[Lead created]]>
    </system-out>
  </testcase> <!-- createLead -->
  <testcase classname="com.crm.testscript.LeadsModule" name="deleteLead" time="9.868">
    <system-out>
      <![CDATA[Lead deleted]]>
    </system-out>
  </testcase> <!-- deleteLead -->
  <system-out>
    <![CDATA[open browser
login
Lead created
logout
login
Lead deleted
logout
login
Campaign created
logout
login
Campaign deleted
logout
close browser]]>
  </system-out>
</testsuite> <!-- com.crm.testscript.LeadsModule -->
