<?xml version="1.0" encoding="UTF-8"?>
<!-- Generated by org.testng.reporters.JUnitReportReporter -->
<testsuite hostname="DESKTOP-IN41SNK" failures="0" tests="2" name="com.crm.testscript.CampaignModule" time="6.089" errors="0" timestamp="2024-12-27T09:56:56 IST" skipped="0">
  <testcase classname="com.crm.testscript.CampaignModule" name="createCampaign" time="1.915">
    <system-out>
      <![CDATA[Campaign created]]>
    </system-out>
  </testcase> <!-- createCampaign -->
  <testcase classname="com.crm.testscript.CampaignModule" name="deleteCampaign" time="4.174">
    <system-out>
      <![CDATA[Campaign deleted]]>
    </system-out>
  </testcase> <!-- deleteCampaign -->
  <system-out>
    <![CDATA[open browser
login
Lead created
logout
login
Lead deleted
logout
login
Campaign created
logout
login
Campaign deleted
logout
close browser]]>
  </system-out>
</testsuite> <!-- com.crm.testscript.CampaignModule -->
